🔧 Correção de Teste
Data: 20250425_133607

📂 Código Original:
Login Username Inválido
    Dado que estou na página de login
    Quando eu insiro o username    ${USERNAME_INVALIDO}
    E eu insiro a senha            ${SENHA_VALIDA}
    E clico no botão de login
    Então deve retornar o erro     ${MSG_ERRO_USERNAME_INVALIDO}

⚠️ Erro:
Element 'id=flash' should have contained text 'teste' but its text was 'Your username is invalid!
×'.

✅ Código Corrigido:
```robot
Login Username Inválido
    Dado que estou na página de login
    Quando eu insiro o username    ${USERNAME_INVALIDO}
    E eu insiro a senha            ${SENHA_VALIDA}
    E clico no botão de login
    Então a mensagem de erro de username inválido deve ser exibida
```

**Explicação da Correção:**

O erro original `Element 'id=flash' should have contained text 'teste' but its text was 'Your username is invalid! ×'` indica que a mensagem de erro esperada ("teste") não corresponde à mensagem de erro real exibida na página ("Your username is invalid! ×").  Isso sugere um problema na forma como a verificação da mensagem de erro está sendo realizada.  Provavelmente, a variável `${MSG_ERRO_USERNAME_INVALIDO}` estava definida com o valor incorreto "teste".

Ao invés de comparar diretamente com uma string fixa (que pode mudar com o tempo ou em diferentes ambientes), a solução proposta utiliza uma keyword mais robusta: `a mensagem de erro de username inválido deve ser exibida`.  Essa keyword, que não foi fornecida na pergunta original mas é um exemplo de boa prática, deve conter internamente a lógica para localizar o elemento que exibe a mensagem de erro (possivelmente o elemento com `id=flash` ou similar) e verificar se o seu texto corresponde à mensagem esperada para um username inválido.

**Implementação Sugerida da Keyword (em um arquivo de Resource, por exemplo):**

```robot
*** Keywords ***
a mensagem de erro de username inválido deve ser exibida
    ${mensagem_esperada}=    Set Variable    Your username is invalid!
    ${mensagem_obtida}=    Get Text    id=flash
    Should Contain    ${mensagem_obtida}    ${mensagem_esperada}
```

**Vantagens dessa abordagem:**

* **Abstração:** A keyword abstrai a lógica de localização do elemento e verificação da mensagem, tornando o teste mais legível e fácil de entender.
* **Manutenibilidade:** Se o localizador do elemento ou o texto da mensagem de erro mudarem, a alteração precisa ser feita apenas na keyword, não em todos os testes que a utilizam.
* **Reusabilidade:** A keyword pode ser reutilizada em outros testes que precisem verificar a mesma mensagem de erro.
* **Robustez:** Lidamos com o "×" presente na mensagem, garantindo que mesmo com pequenas variações na interface, o teste continua passando enquanto a mensagem principal estiver correta.  A keyword `Should Contain` é menos sensível a variações na mensagem do que `Should Be Equal`.


Essa solução presume que existe um arquivo de resources com a keyword  `a mensagem de erro de username inválido deve ser exibida` implementada. A implementação fornecida da keyword é um exemplo e pode ser adaptada dependendo da estrutura do seu projeto e da forma como a mensagem de erro é exibida na aplicação.  A chave é centralizar a lógica de verificação em uma keyword reutilizável.
