🔧 Correção de Teste
Data: 20250425_132446

📂 Código Original:
Login Username Inválido
    Dado que estou na página de login
    Quando eu insiro o username    ${USERNAME_INVALIDO}
    E eu insiro a senha            ${SENHA_VALIDA}
    E clico no botão de login
    Então deve retornar o erro     ${MSG_ERRO_USERNAME_INVALIDO}

⚠️ Erro:
Element 'id=flash' should have contained text 'teste' but its text was 'Your username is invalid!
×'.

✅ Código Corrigido:
1. **Código Corrigido:**

```robot
Login Username Inválido
    Dado que estou na página de login
    Quando eu insiro o username    ${USERNAME_INVALIDO}
    E eu insiro a senha            ${SENHA_VALIDA}
    E clico no botão de login
    Então deve retornar o erro     Your username is invalid!
```

2. **Explicação da Correção:**

O erro `Element 'id=flash' should have contained text 'teste' but its text was 'Your username is invalid! ×'` indica que a mensagem de erro esperada (`teste`, representada pela variável `${MSG_ERRO_USERNAME_INVALIDO}`) não corresponde à mensagem de erro real exibida na página (`Your username is invalid! ×`).

A correção remove a variável `${MSG_ERRO_USERNAME_INVALIDO}` e utiliza diretamente a mensagem de erro correta `"Your username is invalid!"`.  A mensagem original tinha um "×" no final, provavelmente um ícone de fechar.  A menos que seja crucial validar a presença do ícone, é melhor evitar incluí-lo na asserção, pois a interface pode mudar e o ícone pode ser removido ou substituído, quebrando o teste desnecessariamente.  Concentrando-se apenas na parte textual essencial da mensagem, o teste se torna mais robusto e menos suscetível a quebras devido a mudanças cosméticas na UI.

**Considerações Adicionais:**

* **Boas Práticas:** Embora a solução acima funcione, seria uma boa prática definir a mensagem de erro esperada como uma variável em um arquivo de recursos ou arquivo de variáveis. Isso centraliza as mensagens de erro e facilita a manutenção.  Exemplo:

```robot
*** Variables ***
${MSG_ERRO_USERNAME_INVALIDO}    Your username is invalid!

*** Test Cases ***
Login Username Inválido
    Dado que estou na página de login
    Quando eu insiro o username    ${USERNAME_INVALIDO}
    E eu insiro a senha            ${SENHA_VALIDA}
    E clico no botão de login
    Então deve retornar o erro     ${MSG_ERRO_USERNAME_INVALIDO}
```

* **Localização:**  Se a aplicação precisar suportar múltiplos idiomas, usar uma variável para a mensagem de erro se torna ainda mais importante. A variável pode ser definida de acordo com o idioma em execução.

* **Tratamento do "×":** Se for realmente necessário verificar a presença do "×" ou outro elemento visual, é melhor usar uma keyword customizada que verifique a existência do elemento visual separadamente, sem depender do texto da mensagem de erro principal. Isso torna o teste mais claro e mais fácil de manter.

Ao seguir estas práticas, seus testes serão mais robustos, legíveis e fáceis de manter a longo prazo.
